<?xml version="1.0" encoding="UTF-8" ?>
<testsuite tests="1" failures="0" name="com.hanxiao.MainTest" time="0.016" errors="0" skipped="0">
  <properties>
    <property name="idea.version" value="2018.3.6"/>
    <property name="java.runtime.name" value="Java(TM) SE Runtime Environment"/>
    <property name="sun.boot.library.path" value="C:\Program Files\Java\jdk1.8.0_111\jre\bin"/>
    <property name="java.vm.version" value="25.111-b14"/>
    <property name="java.vm.vendor" value="Oracle Corporation"/>
    <property name="maven.multiModuleProjectDirectory" value="C:\Users\hx\IdeaProjects\database\first-maven"/>
    <property name="java.vendor.url" value="http://java.oracle.com/"/>
    <property name="path.separator" value=";"/>
    <property name="guice.disable.misplaced.annotation.check" value="true"/>
    <property name="java.vm.name" value="Java HotSpot(TM) 64-Bit Server VM"/>
    <property name="file.encoding.pkg" value="sun.io"/>
    <property name="user.script" value=""/>
    <property name="user.country" value="CN"/>
    <property name="sun.java.launcher" value="SUN_STANDARD"/>
    <property name="sun.os.patch.level" value=""/>
    <property name="java.vm.specification.name" value="Java Virtual Machine Specification"/>
    <property name="user.dir" value="C:\Users\hx\IdeaProjects\database\first-maven"/>
    <property name="java.runtime.version" value="1.8.0_111-b14"/>
    <property name="java.awt.graphicsenv" value="sun.awt.Win32GraphicsEnvironment"/>
    <property name="java.endorsed.dirs" value="C:\Program Files\Java\jdk1.8.0_111\jre\lib\endorsed"/>
    <property name="os.arch" value="amd64"/>
    <property name="java.io.tmpdir" value="C:\Users\hx\AppData\Local\Temp\"/>
    <property name="line.separator" value="
"/>
    <property name="java.vm.specification.vendor" value="Oracle Corporation"/>
    <property name="user.variant" value=""/>
    <property name="os.name" value="Windows 10"/>
    <property name="classworlds.conf" value="C:\Program Files\maven\apache-maven-3.6.0\bin\m2.conf"/>
    <property name="sun.jnu.encoding" value="GBK"/>
    <property name="java.library.path" value="C:\Program Files\Java\jdk1.8.0_111\bin;C:\WINDOWS\Sun\Java\bin;C:\WINDOWS\system32;C:\WINDOWS;C:\ProgramData\Oracle\Java\javapath;C:\Windows\system32;C:\Windows;C:\Windows\System32\Wbem;C:\Windows\System32\WindowsPowerShell\v1.0\;C:\Windows\System32\OpenSSH\;C:\Program Files (x86)\NVIDIA Corporation\PhysX\Common;C:\Program Files\NVIDIA Corporation\NVIDIA NvDLISR;C:\Users\hx\Desktop;C:\Program Files\Polyspace\R2019b\runtime\win64;C:\Program Files\Polyspace\R2019b\bin;C:\Program Files\Polyspace\R2019b\polyspace\bin;C:\Program Files\Java\jdk1.8.0_131\bin;C:\Program Files (x86)\Microsoft SQL Server\130\Tools\Binn\;C:\Program Files\Microsoft SQL Server\130\Tools\Binn\;C:\Program Files (x86)\Microsoft SQL Server\130\DTS\Binn\;C:\Program Files\Microsoft SQL Server\130\DTS\Binn\;C:\Program Files\Microsoft SQL Server\Client SDK\ODBC\130\Tools\Binn\;C:\Program Files (x86)\Microsoft SQL Server\150\DTS\Binn\;C:\Program Files\Microsoft SQL Server\Client SDK\ODBC\170\Tools\Binn\;C:\WINDOWS\system32;C:\WINDOWS;C:\WINDOWS\System32\Wbem;C:\WINDOWS\System32\WindowsPowerShell\v1.0\;C:\WINDOWS\System32\OpenSSH\;C:\Program Files (x86)\Windows Kits\10\Windows Performance Toolkit\;C:\Program Files\dotnet\;C:\Program Files (x86)\dotnet\;C:\Program Files (x86)\Tencent\WeChat;C:\Program Files\nodejs\;C:\Program Files\MySQL\MySQL Server 5.7\bin;C:\Program Files\Git\cmd;C:\Program Files (x86)\HP\Unified Functional Testing\bin;C:\Program Files\Go\bin;C:\Program Files\MySQL\MySQL Shell 8.0\bin\;C:\Program Files\JetBrains\GoLand 2021.2.4\bin;;C:\Program Files\JetBrains\CLion 2021.2.3\bin;;C:\Program Files\maven\apache-maven-3.6.0\bin;C:\Program Files\JetBrains\PyCharm 2021.3\bin;;C:\Users\hx\anaconda3;C:\Users\hx\anaconda3\Library\bin;C:\Users\hx\anaconda3\Scripts;C:\Users\hx\AppData\Local\Programs\Python\Python39;C:\Program Files (x86)\mingw-w64_64bit\mingw-w64\x86_64-8.1.0-posix-seh-rt_v6-rev0\mingw64\bin;C:\Program Files (x86)\VMware\VMware Workstation;C:\Users\hx\go\bin;."/>
    <property name="maven.conf" value="C:\Program Files\maven\apache-maven-3.6.0/conf"/>
    <property name="java.specification.name" value="Java Platform API Specification"/>
    <property name="java.class.version" value="52.0"/>
    <property name="sun.management.compiler" value="HotSpot 64-Bit Tiered Compilers"/>
    <property name="maven.repo.local" value="C:\Program Files\maven\repository"/>
    <property name="os.version" value="10.0"/>
    <property name="user.home" value="C:\Users\hx"/>
    <property name="user.timezone" value="Asia/Shanghai"/>
    <property name="java.awt.printerjob" value="sun.awt.windows.WPrinterJob"/>
    <property name="java.specification.version" value="1.8"/>
    <property name="file.encoding" value="UTF-8"/>
    <property name="user.name" value="hx"/>
    <property name="java.class.path" value="C:\Program Files\maven\apache-maven-3.6.0\boot\plexus-classworlds-2.5.2.jar;C:\Program Files\JetBrains\IntelliJ IDEA 2018.3.6\lib\idea_rt.jar"/>
    <property name="java.vm.specification.version" value="1.8"/>
    <property name="sun.arch.data.model" value="64"/>
    <property name="java.home" value="C:\Program Files\Java\jdk1.8.0_111\jre"/>
    <property name="sun.java.command" value="org.codehaus.classworlds.Launcher -Didea.version=2018.3.6 -s C:\Program Files\maven\apache-maven-3.6.0\conf\settings.xml -Dmaven.repo.local=C:\Program Files\maven\repository package"/>
    <property name="java.specification.vendor" value="Oracle Corporation"/>
    <property name="user.language" value="zh"/>
    <property name="awt.toolkit" value="sun.awt.windows.WToolkit"/>
    <property name="java.vm.info" value="mixed mode"/>
    <property name="java.version" value="1.8.0_111"/>
    <property name="java.ext.dirs" value="C:\Program Files\Java\jdk1.8.0_111\jre\lib\ext;C:\WINDOWS\Sun\Java\lib\ext"/>
    <property name="sun.boot.class.path" value="C:\Program Files\Java\jdk1.8.0_111\jre\lib\resources.jar;C:\Program Files\Java\jdk1.8.0_111\jre\lib\rt.jar;C:\Program Files\Java\jdk1.8.0_111\jre\lib\sunrsasign.jar;C:\Program Files\Java\jdk1.8.0_111\jre\lib\jsse.jar;C:\Program Files\Java\jdk1.8.0_111\jre\lib\jce.jar;C:\Program Files\Java\jdk1.8.0_111\jre\lib\charsets.jar;C:\Program Files\Java\jdk1.8.0_111\jre\lib\jfr.jar;C:\Program Files\Java\jdk1.8.0_111\jre\classes"/>
    <property name="java.vendor" value="Oracle Corporation"/>
    <property name="maven.home" value="C:\Program Files\maven\apache-maven-3.6.0"/>
    <property name="file.separator" value="\"/>
    <property name="java.vendor.url.bug" value="http://bugreport.sun.com/bugreport/"/>
    <property name="sun.cpu.endian" value="little"/>
    <property name="sun.io.unicode.encoding" value="UnicodeLittle"/>
    <property name="sun.desktop" value="windows"/>
    <property name="sun.cpu.isalist" value="amd64"/>
  </properties>
  <testcase classname="com.hanxiao.MainTest" name="testSout" time="0.016"/>
</testsuite>